<?xml version="1.0" encoding="UTF-8"?>
<!-- Generated by org.testng.reporters.JUnitXMLReporter -->
<testsuite ignored="0" hostname="DESKTOP-86CSM53" failures="1" tests="1" name="Validating title in the Page" time="55.398" errors="0" timestamp="2022-06-07T11:59:43 GMT+01:00">
  <testcase classname="Academy.validateTitle" name="validateAppTitle" time="15.076">
    <failure type="java.lang.AssertionError" message="expected [FEATURED COUR1SES] but found [FEATURED COURSES]">
      <![CDATA[java.lang.AssertionError: expected [FEATURED COUR1SES] but found [FEATURED COURSES]
at Academy.validateTitle.validateAppTitle(validateTitle.java:54)
at java.base/java.util.ArrayList.forEach(ArrayList.java:1511)
... Removed 33 stack frames]]>
    </failure>
  </testcase> <!-- validateAppTitle -->
</testsuite> <!-- Validating title in the Page -->
