<?xml version="1.0" encoding="UTF-8"?>
<!-- Generated by org.testng.reporters.JUnitXMLReporter -->
<testsuite hostname="DESKTOP-86CSM53" ignored="0" name="Validating User login" tests="3" failures="2" timestamp="2022-05-12T14:07:20 GMT+01:00" time="0.632" errors="0">
  <testcase name="feature" time="0.008" classname="cucumber.api.testng.AbstractTestNGCucumberTests"/>
  <testcase name="feature" time="0.099" classname="cucumber.api.testng.AbstractTestNGCucumberTests">
    <failure type="cucumber.runtime.CucumberException" message="java.io.FileNotFoundException: C:\Users\Finance\eclipse-workspace\Project2021\src\main\java\resources\data.properties (Le chemin d’accès spécifié est introuvable)">
      <![CDATA[cucumber.runtime.CucumberException: java.io.FileNotFoundException: C:\Users\Finance\eclipse-workspace\Project2021\src\main\java\resources\data.properties (Le chemin d’accès spécifié est introuvable)
at cucumber.api.testng.TestNGCucumberRunner.runCucumber(TestNGCucumberRunner.java:69)
at cucumber.api.testng.AbstractTestNGCucumberTests.feature(AbstractTestNGCucumberTests.java:21)
at java.util.ArrayList.forEach(ArrayList.java:1257)
Caused by: java.io.FileNotFoundException: C:\Users\Finance\eclipse-workspace\Project2021\src\main\java\resources\data.properties (Le chemin d’accès spécifié est introuvable)
at java.io.FileInputStream.open0(Native Method)
at java.io.FileInputStream.open(FileInputStream.java:195)
at java.io.FileInputStream.<init>(FileInputStream.java:138)
at java.io.FileInputStream.<init>(FileInputStream.java:93)
at resources.base.initializeDriver(base.java:29)
at stepDefinations.stepDefination.initialize_the_browser_with_chrome(stepDefination.java:19)
at ✽.Given Initialize the browser with chrome(login.feature:4)
... Removed 30 stack frames]]>
    </failure>
  </testcase> <!-- feature -->
  <testcase name="feature" time="0.211" classname="cucumber.api.testng.AbstractTestNGCucumberTests">
    <failure type="java.lang.NullPointerException">
      <![CDATA[java.lang.NullPointerException
at resources.base.getScreenShotPath(base.java:68)
at Academy.Listeners.onTestFailure(Listeners.java:57)
at java.util.ArrayList.forEach(ArrayList.java:1257)
... Removed 27 stack frames]]>
    </failure>
  </testcase> <!-- feature -->
</testsuite> <!-- Validating User login -->
